[NX Daemon Server] - 2024-07-20T07:42:20.768Z - Started listening on: /var/folders/xh/cnzszzm91gq2fwg68bszg8500000gn/T/9d765158a663905f98d3/d.sock
[NX Daemon Server] - 2024-07-20T07:42:20.771Z - [WATCHER]: Subscribed to changes within: /Users/smk/Dev/practice/active/kharchay-next (native)
[NX Daemon Server] - 2024-07-20T07:42:20.772Z - Established a connection. Number of open connections: 1
[NX Daemon Server] - 2024-07-20T07:42:20.773Z - Established a connection. Number of open connections: 2
[NX Daemon Server] - 2024-07-20T07:42:20.774Z - Closed a connection. Number of open connections: 1
[NX Daemon Server] - 2024-07-20T07:42:20.776Z - [REQUEST]: Responding to the client. handleGlob
[NX Daemon Server] - 2024-07-20T07:42:20.776Z - Done responding to the client handleGlob
[NX Daemon Server] - 2024-07-20T07:42:20.776Z - Handled GLOB. Handling time: 1. Response time: 0.
[NX Daemon Server] - 2024-07-20T07:42:20.817Z - [REQUEST]: Responding to the client. handleNxWorkspaceFiles
[NX Daemon Server] - 2024-07-20T07:42:20.818Z - Done responding to the client handleNxWorkspaceFiles
[NX Daemon Server] - 2024-07-20T07:42:20.818Z - Handled GET_NX_WORKSPACE_FILES. Handling time: 1. Response time: 1.
[NX Daemon Server] - 2024-07-20T07:42:21.191Z - Closed a connection. Number of open connections: 0
[NX Daemon Server] - 2024-07-20T07:42:27.111Z - [WATCHER]: Processing file changes in outputs
[NX Daemon Server] - 2024-07-20T07:42:27.178Z - [WATCHER]: Processing file changes in outputs
[NX Daemon Server] - 2024-07-20T09:15:00.224Z - Started listening on: /var/folders/xh/cnzszzm91gq2fwg68bszg8500000gn/T/9d765158a663905f98d3/d.sock
[NX Daemon Server] - 2024-07-20T09:15:00.227Z - [WATCHER]: Subscribed to changes within: /Users/smk/Dev/practice/active/kharchay-next (native)
[NX Daemon Server] - 2024-07-20T09:15:00.228Z - Established a connection. Number of open connections: 1
[NX Daemon Server] - 2024-07-20T09:15:00.228Z - Established a connection. Number of open connections: 2
[NX Daemon Server] - 2024-07-20T09:15:00.229Z - Closed a connection. Number of open connections: 1
[NX Daemon Server] - 2024-07-20T09:15:00.230Z - [REQUEST]: Client Request for Project Graph Received
[NX Daemon Server] - 2024-07-20T09:15:00.360Z - [REQUEST]: Updated workspace context based on watched changes, recomputing project graph...
[NX Daemon Server] - 2024-07-20T09:15:00.360Z - [REQUEST]: 
[NX Daemon Server] - 2024-07-20T09:15:00.360Z - [REQUEST]: 
[NX Daemon Server] - 2024-07-20T09:15:00.368Z - Time taken for 'loadNxPlugins' 129.0123748779297ms
[NX Daemon Server] - 2024-07-20T09:15:00.421Z - Time taken for 'build-project-configs' 40.979331970214844ms
[NX Daemon Server] - 2024-07-20T09:15:00.598Z - [REQUEST]: Responding to the client. project-graph
[NX Daemon Server] - 2024-07-20T09:15:00.601Z - Time taken for 'total for creating and serializing project graph' 368.2092094421387ms
[NX Daemon Server] - 2024-07-20T09:15:00.604Z - Done responding to the client project-graph
[NX Daemon Server] - 2024-07-20T09:15:00.604Z - Handled REQUEST_PROJECT_GRAPH. Handling time: 368. Response time: 6.
[NX Daemon Server] - 2024-07-20T09:15:00.844Z - [WATCHER]: package.json was modified
[NX Daemon Server] - 2024-07-20T09:15:00.844Z - [WATCHER]: Processing file changes in outputs
[NX Daemon Server] - 2024-07-20T09:15:00.946Z - [REQUEST]: Updated workspace context based on watched changes, recomputing project graph...
[NX Daemon Server] - 2024-07-20T09:15:00.946Z - [REQUEST]: package.json
[NX Daemon Server] - 2024-07-20T09:15:00.946Z - [REQUEST]: 
[NX Daemon Server] - 2024-07-20T09:15:00.950Z - Time taken for 'hash changed files from watcher' 0.4003753662109375ms
[NX Daemon Server] - 2024-07-20T09:15:00.970Z - Time taken for 'build-project-configs' 17.438915252685547ms
[NX Daemon Server] - 2024-07-20T09:15:01.012Z - Time taken for 'total execution time for createProjectGraph()' 32.15745544433594ms
[NX Daemon Server] - 2024-07-20T09:15:03.331Z - [WATCHER]: package-lock.json was modified
[NX Daemon Server] - 2024-07-20T09:15:03.331Z - [WATCHER]: Processing file changes in outputs
[NX Daemon Server] - 2024-07-20T09:15:03.533Z - [REQUEST]: Updated workspace context based on watched changes, recomputing project graph...
[NX Daemon Server] - 2024-07-20T09:15:03.533Z - [REQUEST]: package-lock.json
[NX Daemon Server] - 2024-07-20T09:15:03.533Z - [REQUEST]: 
[NX Daemon Server] - 2024-07-20T09:15:03.538Z - Time taken for 'hash changed files from watcher' 0.6807937622070312ms
[NX Daemon Server] - 2024-07-20T09:15:03.555Z - Time taken for 'build-project-configs' 16.04495620727539ms
[NX Daemon Server] - 2024-07-20T09:15:03.591Z - Time taken for 'total execution time for createProjectGraph()' 26.77712631225586ms
[NX Daemon Server] - 2024-07-20T09:18:59.298Z - Closed a connection. Number of open connections: 0
[NX Daemon Server] - 2024-07-20T09:19:10.324Z - Established a connection. Number of open connections: 1
[NX Daemon Server] - 2024-07-20T09:19:10.324Z - Closed a connection. Number of open connections: 0
[NX Daemon Server] - 2024-07-20T09:19:10.325Z - Established a connection. Number of open connections: 1
[NX Daemon Server] - 2024-07-20T09:19:10.326Z - [REQUEST]: Client Request for Project Graph Received
[NX Daemon Server] - 2024-07-20T09:19:10.327Z - [REQUEST]: Responding to the client. project-graph
[NX Daemon Server] - 2024-07-20T09:19:10.330Z - Time taken for 'total for creating and serializing project graph' 0.265960693359375ms
[NX Daemon Server] - 2024-07-20T09:19:10.332Z - Done responding to the client project-graph
[NX Daemon Server] - 2024-07-20T09:19:10.332Z - Handled REQUEST_PROJECT_GRAPH. Handling time: 1. Response time: 5.
[NX Daemon Server] - 2024-07-20T09:19:10.365Z - [REQUEST]: Responding to the client. handleHashTasks
[NX Daemon Server] - 2024-07-20T09:19:10.366Z - Done responding to the client handleHashTasks
[NX Daemon Server] - 2024-07-20T09:19:10.366Z - Handled HASH_TASKS. Handling time: 23. Response time: 1.
[NX Daemon Server] - 2024-07-20T09:19:10.636Z - Established a connection. Number of open connections: 2
[NX Daemon Server] - 2024-07-20T09:19:10.637Z - Closed a connection. Number of open connections: 1
[NX Daemon Server] - 2024-07-20T09:19:10.637Z - Established a connection. Number of open connections: 2
[NX Daemon Server] - 2024-07-20T09:19:10.638Z - [REQUEST]: Client Request for Project Graph Received
[NX Daemon Server] - 2024-07-20T09:19:10.638Z - [REQUEST]: Responding to the client. project-graph
[NX Daemon Server] - 2024-07-20T09:19:10.641Z - Time taken for 'total for creating and serializing project graph' 0.19949722290039062ms
[NX Daemon Server] - 2024-07-20T09:19:10.644Z - Done responding to the client project-graph
[NX Daemon Server] - 2024-07-20T09:19:10.644Z - Handled REQUEST_PROJECT_GRAPH. Handling time: 0. Response time: 6.
[NX Daemon Server] - 2024-07-20T09:19:12.220Z - [WATCHER]: Processing file changes in outputs
[NX Daemon Server] - 2024-07-20T09:19:12.419Z - [WATCHER]: Processing file changes in outputs
[NX Daemon Server] - 2024-07-20T09:19:12.517Z - [WATCHER]: Processing file changes in outputs
[NX Daemon Server] - 2024-07-20T09:19:15.856Z - [WATCHER]: Processing file changes in outputs
[NX Daemon Server] - 2024-07-20T09:19:15.943Z - [WATCHER]: Processing file changes in outputs
[NX Daemon Server] - 2024-07-20T09:19:16.004Z - [WATCHER]: Processing file changes in outputs
[NX Daemon Server] - 2024-07-20T09:19:16.515Z - [WATCHER]: Processing file changes in outputs
[NX Daemon Server] - 2024-07-20T09:19:16.574Z - [WATCHER]: Processing file changes in outputs
[NX Daemon Server] - 2024-07-20T09:19:16.634Z - [WATCHER]: Processing file changes in outputs
[NX Daemon Server] - 2024-07-20T09:19:16.751Z - [WATCHER]: Processing file changes in outputs
[NX Daemon Server] - 2024-07-20T09:19:16.834Z - [WATCHER]: Processing file changes in outputs
[NX Daemon Server] - 2024-07-20T09:19:16.944Z - [WATCHER]: Processing file changes in outputs
[NX Daemon Server] - 2024-07-20T09:19:17.031Z - [WATCHER]: Processing file changes in outputs
[NX Daemon Server] - 2024-07-20T09:19:17.865Z - [WATCHER]: Processing file changes in outputs
[NX Daemon Server] - 2024-07-20T09:19:17.926Z - [WATCHER]: Processing file changes in outputs
[NX Daemon Server] - 2024-07-20T09:19:18.204Z - [WATCHER]: Processing file changes in outputs
[NX Daemon Server] - 2024-07-20T09:19:18.262Z - [WATCHER]: Processing file changes in outputs
[NX Daemon Server] - 2024-07-20T09:19:18.319Z - [WATCHER]: Processing file changes in outputs
[NX Daemon Server] - 2024-07-20T09:19:18.390Z - [WATCHER]: Processing file changes in outputs
[NX Daemon Server] - 2024-07-20T09:19:18.572Z - [WATCHER]: Processing file changes in outputs
[NX Daemon Server] - 2024-07-20T09:19:18.631Z - [WATCHER]: Processing file changes in outputs
[NX Daemon Server] - 2024-07-20T09:19:18.685Z - [WATCHER]: Processing file changes in outputs
[NX Daemon Server] - 2024-07-20T09:19:18.758Z - [WATCHER]: Processing file changes in outputs
[NX Daemon Server] - 2024-07-20T09:19:19.035Z - [WATCHER]: Processing file changes in outputs
[NX Daemon Server] - 2024-07-20T09:19:19.116Z - [WATCHER]: Processing file changes in outputs
[NX Daemon Server] - 2024-07-20T09:19:19.188Z - [WATCHER]: Processing file changes in outputs
[NX Daemon Server] - 2024-07-20T09:19:19.357Z - [WATCHER]: Processing file changes in outputs
[NX Daemon Server] - 2024-07-20T09:19:19.470Z - [WATCHER]: Processing file changes in outputs
[NX Daemon Server] - 2024-07-20T09:19:19.528Z - [WATCHER]: Processing file changes in outputs
[NX Daemon Server] - 2024-07-20T09:19:19.584Z - [WATCHER]: Processing file changes in outputs
[NX Daemon Server] - 2024-07-20T09:19:19.646Z - [WATCHER]: Processing file changes in outputs
[NX Daemon Server] - 2024-07-20T09:19:19.711Z - [WATCHER]: Processing file changes in outputs
[NX Daemon Server] - 2024-07-20T09:19:19.801Z - [WATCHER]: Processing file changes in outputs
[NX Daemon Server] - 2024-07-20T09:19:19.858Z - [WATCHER]: Processing file changes in outputs
[NX Daemon Server] - 2024-07-20T09:19:19.921Z - [WATCHER]: Processing file changes in outputs
[NX Daemon Server] - 2024-07-20T09:19:19.983Z - [WATCHER]: Processing file changes in outputs
[NX Daemon Server] - 2024-07-20T09:19:20.070Z - [WATCHER]: Processing file changes in outputs
[NX Daemon Server] - 2024-07-20T09:19:20.146Z - [WATCHER]: Processing file changes in outputs
[NX Daemon Server] - 2024-07-20T09:19:20.202Z - [WATCHER]: Processing file changes in outputs
[NX Daemon Server] - 2024-07-20T09:19:20.266Z - [WATCHER]: Processing file changes in outputs
[NX Daemon Server] - 2024-07-20T09:19:20.320Z - [WATCHER]: Processing file changes in outputs
[NX Daemon Server] - 2024-07-20T09:19:20.375Z - [WATCHER]: Processing file changes in outputs
[NX Daemon Server] - 2024-07-20T09:19:20.437Z - [WATCHER]: Processing file changes in outputs
[NX Daemon Server] - 2024-07-20T09:19:20.625Z - [WATCHER]: Processing file changes in outputs
[NX Daemon Server] - 2024-07-20T09:19:20.699Z - [WATCHER]: Processing file changes in outputs
[NX Daemon Server] - 2024-07-20T09:19:20.779Z - [WATCHER]: Processing file changes in outputs
[NX Daemon Server] - 2024-07-20T09:19:20.898Z - [WATCHER]: Processing file changes in outputs
[NX Daemon Server] - 2024-07-20T09:19:20.957Z - [WATCHER]: Processing file changes in outputs
[NX Daemon Server] - 2024-07-20T09:19:21.011Z - [WATCHER]: Processing file changes in outputs
[NX Daemon Server] - 2024-07-20T09:19:21.072Z - [WATCHER]: Processing file changes in outputs
[NX Daemon Server] - 2024-07-20T09:19:21.124Z - [WATCHER]: Processing file changes in outputs
[NX Daemon Server] - 2024-07-20T09:19:21.181Z - [WATCHER]: Processing file changes in outputs
[NX Daemon Server] - 2024-07-20T09:19:21.232Z - [WATCHER]: Processing file changes in outputs
[NX Daemon Server] - 2024-07-20T09:19:21.309Z - [WATCHER]: Processing file changes in outputs
[NX Daemon Server] - 2024-07-20T09:19:21.362Z - [WATCHER]: Processing file changes in outputs
[NX Daemon Server] - 2024-07-20T09:19:21.454Z - [WATCHER]: Processing file changes in outputs
[NX Daemon Server] - 2024-07-20T09:19:22.043Z - [WATCHER]: Processing file changes in outputs
[NX Daemon Server] - 2024-07-20T09:19:22.100Z - [WATCHER]: Processing file changes in outputs
[NX Daemon Server] - 2024-07-20T09:19:22.163Z - [WATCHER]: Processing file changes in outputs
[NX Daemon Server] - 2024-07-20T09:19:22.215Z - [WATCHER]: Processing file changes in outputs
[NX Daemon Server] - 2024-07-20T09:19:22.290Z - [WATCHER]: Processing file changes in outputs
[NX Daemon Server] - 2024-07-20T09:19:22.347Z - [WATCHER]: Processing file changes in outputs
[NX Daemon Server] - 2024-07-20T09:19:22.415Z - [WATCHER]: Processing file changes in outputs
[NX Daemon Server] - 2024-07-20T09:19:22.482Z - [WATCHER]: Processing file changes in outputs
[NX Daemon Server] - 2024-07-20T09:19:22.628Z - [WATCHER]: Processing file changes in outputs
[NX Daemon Server] - 2024-07-20T09:19:22.692Z - [WATCHER]: Processing file changes in outputs
[NX Daemon Server] - 2024-07-20T09:19:22.753Z - [WATCHER]: Processing file changes in outputs
[NX Daemon Server] - 2024-07-20T09:19:22.807Z - [WATCHER]: Processing file changes in outputs
[NX Daemon Server] - 2024-07-20T09:19:22.867Z - [WATCHER]: Processing file changes in outputs
[NX Daemon Server] - 2024-07-20T09:19:22.932Z - [WATCHER]: Processing file changes in outputs
[NX Daemon Server] - 2024-07-20T09:19:22.994Z - [WATCHER]: Processing file changes in outputs
[NX Daemon Server] - 2024-07-20T09:19:23.071Z - [WATCHER]: Processing file changes in outputs
[NX Daemon Server] - 2024-07-20T09:19:23.123Z - [WATCHER]: Processing file changes in outputs
[NX Daemon Server] - 2024-07-20T09:19:23.210Z - [WATCHER]: Processing file changes in outputs
[NX Daemon Server] - 2024-07-20T09:19:23.327Z - [WATCHER]: Processing file changes in outputs
[NX Daemon Server] - 2024-07-20T09:19:23.379Z - [WATCHER]: Processing file changes in outputs
[NX Daemon Server] - 2024-07-20T09:19:23.434Z - [WATCHER]: Processing file changes in outputs
[NX Daemon Server] - 2024-07-20T09:19:23.495Z - [WATCHER]: Processing file changes in outputs
[NX Daemon Server] - 2024-07-20T09:19:23.548Z - [WATCHER]: Processing file changes in outputs
[NX Daemon Server] - 2024-07-20T09:19:23.608Z - [WATCHER]: Processing file changes in outputs
[NX Daemon Server] - 2024-07-20T09:19:23.666Z - [WATCHER]: Processing file changes in outputs
[NX Daemon Server] - 2024-07-20T09:19:23.725Z - [WATCHER]: Processing file changes in outputs
[NX Daemon Server] - 2024-07-20T09:19:23.777Z - [WATCHER]: Processing file changes in outputs
[NX Daemon Server] - 2024-07-20T09:19:23.843Z - [WATCHER]: Processing file changes in outputs
[NX Daemon Server] - 2024-07-20T09:19:23.895Z - [WATCHER]: Processing file changes in outputs
[NX Daemon Server] - 2024-07-20T09:19:23.948Z - [WATCHER]: Processing file changes in outputs
[NX Daemon Server] - 2024-07-20T09:19:24.000Z - [WATCHER]: Processing file changes in outputs
[NX Daemon Server] - 2024-07-20T09:19:24.284Z - [WATCHER]: Processing file changes in outputs
[NX Daemon Server] - 2024-07-20T09:19:24.338Z - [WATCHER]: Processing file changes in outputs
[NX Daemon Server] - 2024-07-20T09:19:24.400Z - [WATCHER]: Processing file changes in outputs
[NX Daemon Server] - 2024-07-20T09:19:24.475Z - [WATCHER]: Processing file changes in outputs
[NX Daemon Server] - 2024-07-20T09:19:24.550Z - [WATCHER]: Processing file changes in outputs
[NX Daemon Server] - 2024-07-20T09:19:24.630Z - [WATCHER]: Processing file changes in outputs
[NX Daemon Server] - 2024-07-20T09:19:24.893Z - [WATCHER]: Processing file changes in outputs
[NX Daemon Server] - 2024-07-20T09:19:25.098Z - [WATCHER]: Processing file changes in outputs
[NX Daemon Server] - 2024-07-20T09:19:25.158Z - [WATCHER]: Processing file changes in outputs
[NX Daemon Server] - 2024-07-20T09:19:25.411Z - [WATCHER]: Processing file changes in outputs
[NX Daemon Server] - 2024-07-20T09:19:25.465Z - [WATCHER]: Processing file changes in outputs
[NX Daemon Server] - 2024-07-20T09:19:25.533Z - [WATCHER]: Processing file changes in outputs
[NX Daemon Server] - 2024-07-20T09:19:25.596Z - [WATCHER]: Processing file changes in outputs
[NX Daemon Server] - 2024-07-20T09:19:25.663Z - [WATCHER]: Processing file changes in outputs
[NX Daemon Server] - 2024-07-20T09:19:25.716Z - [WATCHER]: Processing file changes in outputs
[NX Daemon Server] - 2024-07-20T09:19:25.772Z - [WATCHER]: Processing file changes in outputs
[NX Daemon Server] - 2024-07-20T09:19:25.831Z - [WATCHER]: Processing file changes in outputs
[NX Daemon Server] - 2024-07-20T09:19:25.883Z - [WATCHER]: Processing file changes in outputs
[NX Daemon Server] - 2024-07-20T09:19:25.934Z - [WATCHER]: Processing file changes in outputs
[NX Daemon Server] - 2024-07-20T09:19:25.986Z - [WATCHER]: Processing file changes in outputs
[NX Daemon Server] - 2024-07-20T09:19:26.043Z - [WATCHER]: Processing file changes in outputs
[NX Daemon Server] - 2024-07-20T09:19:26.100Z - [WATCHER]: Processing file changes in outputs
[NX Daemon Server] - 2024-07-20T09:19:26.153Z - [WATCHER]: Processing file changes in outputs
[NX Daemon Server] - 2024-07-20T09:19:26.212Z - [WATCHER]: Processing file changes in outputs
[NX Daemon Server] - 2024-07-20T09:19:26.270Z - [WATCHER]: Processing file changes in outputs
[NX Daemon Server] - 2024-07-20T09:19:26.330Z - [WATCHER]: Processing file changes in outputs
[NX Daemon Server] - 2024-07-20T09:19:26.412Z - [WATCHER]: Processing file changes in outputs
[NX Daemon Server] - 2024-07-20T09:19:26.467Z - [WATCHER]: Processing file changes in outputs
[NX Daemon Server] - 2024-07-20T09:19:26.525Z - [WATCHER]: Processing file changes in outputs
[NX Daemon Server] - 2024-07-20T09:19:26.586Z - [WATCHER]: Processing file changes in outputs
[NX Daemon Server] - 2024-07-20T09:19:26.653Z - [WATCHER]: Processing file changes in outputs
[NX Daemon Server] - 2024-07-20T09:19:26.767Z - [WATCHER]: Processing file changes in outputs
[NX Daemon Server] - 2024-07-20T09:19:26.855Z - [WATCHER]: Processing file changes in outputs
[NX Daemon Server] - 2024-07-20T09:19:26.913Z - [WATCHER]: Processing file changes in outputs
[NX Daemon Server] - 2024-07-20T09:19:27.077Z - [WATCHER]: Processing file changes in outputs
[NX Daemon Server] - 2024-07-20T09:19:27.170Z - [WATCHER]: Processing file changes in outputs
[NX Daemon Server] - 2024-07-20T09:19:27.228Z - [WATCHER]: Processing file changes in outputs
[NX Daemon Server] - 2024-07-20T09:19:27.286Z - [WATCHER]: Processing file changes in outputs
[NX Daemon Server] - 2024-07-20T09:19:27.360Z - [WATCHER]: Processing file changes in outputs
[NX Daemon Server] - 2024-07-20T09:19:27.419Z - [WATCHER]: Processing file changes in outputs
[NX Daemon Server] - 2024-07-20T09:19:27.491Z - [WATCHER]: Processing file changes in outputs
[NX Daemon Server] - 2024-07-20T09:19:27.542Z - [WATCHER]: Processing file changes in outputs
[NX Daemon Server] - 2024-07-20T09:19:27.602Z - [WATCHER]: Processing file changes in outputs
[NX Daemon Server] - 2024-07-20T09:19:27.659Z - [WATCHER]: Processing file changes in outputs
[NX Daemon Server] - 2024-07-20T09:19:27.746Z - [WATCHER]: Processing file changes in outputs
[NX Daemon Server] - 2024-07-20T09:19:27.798Z - [WATCHER]: Processing file changes in outputs
[NX Daemon Server] - 2024-07-20T09:19:27.853Z - [WATCHER]: Processing file changes in outputs
[NX Daemon Server] - 2024-07-20T09:19:27.909Z - [WATCHER]: Processing file changes in outputs
[NX Daemon Server] - 2024-07-20T09:19:28.018Z - [WATCHER]: Processing file changes in outputs
[NX Daemon Server] - 2024-07-20T09:19:28.082Z - [WATCHER]: Processing file changes in outputs
[NX Daemon Server] - 2024-07-20T09:19:28.154Z - [WATCHER]: Processing file changes in outputs
[NX Daemon Server] - 2024-07-20T09:19:28.210Z - [WATCHER]: Processing file changes in outputs
[NX Daemon Server] - 2024-07-20T09:19:34.235Z - [WATCHER]: Processing file changes in outputs
[NX Daemon Server] - 2024-07-20T09:19:34.378Z - [WATCHER]: Processing file changes in outputs
[NX Daemon Server] - 2024-07-20T09:22:28.702Z - [WATCHER]: 1 file(s) created or restored, 0 file(s) modified, 1 file(s) deleted
[NX Daemon Server] - 2024-07-20T09:22:28.702Z - [WATCHER]: Processing file changes in outputs
[NX Daemon Server] - 2024-07-20T09:22:28.803Z - [REQUEST]: Updated workspace context based on watched changes, recomputing project graph...
[NX Daemon Server] - 2024-07-20T09:22:28.803Z - [REQUEST]: apps/kharchay/src/app/firebase.providers.ts
[NX Daemon Server] - 2024-07-20T09:22:28.803Z - [REQUEST]: apps/kharchay/src/app/4913
[NX Daemon Server] - 2024-07-20T09:22:28.806Z - Time taken for 'hash changed files from watcher' 0.3859977722167969ms
[NX Daemon Server] - 2024-07-20T09:22:28.830Z - Time taken for 'build-project-configs' 19.746417999267578ms
[NX Daemon Server] - 2024-07-20T09:22:28.904Z - Time taken for 'total execution time for createProjectGraph()' 58.5820426940918ms
[NX Daemon Server] - 2024-07-20T09:22:29.381Z - [WATCHER]: Processing file changes in outputs
[NX Daemon Server] - 2024-07-20T09:23:03.126Z - [WATCHER]: 4 file(s) created or restored, 0 file(s) modified, 2 file(s) deleted
[NX Daemon Server] - 2024-07-20T09:23:03.126Z - [WATCHER]: Processing file changes in outputs
[NX Daemon Server] - 2024-07-20T09:23:03.228Z - [REQUEST]: Updated workspace context based on watched changes, recomputing project graph...
[NX Daemon Server] - 2024-07-20T09:23:03.228Z - [REQUEST]: apps/kharchay/src/app/app.config.ts,apps/kharchay/src/app/app.component.ts,libs/mobile/create/ui/src/index.ts,apps/kharchay/src/app/firebase.providers.ts
[NX Daemon Server] - 2024-07-20T09:23:03.228Z - [REQUEST]: apps/kharchay/src/app/4913,libs/mobile/create/ui/src/4913
[NX Daemon Server] - 2024-07-20T09:23:03.231Z - Time taken for 'hash changed files from watcher' 0.5903739929199219ms
[NX Daemon Server] - 2024-07-20T09:23:03.252Z - Time taken for 'build-project-configs' 17.817543029785156ms
[NX Daemon Server] - 2024-07-20T09:23:03.320Z - Time taken for 'total execution time for createProjectGraph()' 55.04329299926758ms
[NX Daemon Server] - 2024-07-20T09:23:04.035Z - [WATCHER]: Processing file changes in outputs
[NX Daemon Server] - 2024-07-20T09:23:04.743Z - [WATCHER]: Processing file changes in outputs
[NX Daemon Server] - 2024-07-20T09:23:04.806Z - [WATCHER]: Processing file changes in outputs
[NX Daemon Server] - 2024-07-20T09:24:05.819Z - [WATCHER]: Processing file changes in outputs
[NX Daemon Server] - 2024-07-20T09:28:03.869Z - [WATCHER]: Processing file changes in outputs
[NX Daemon Server] - 2024-07-20T09:28:03.870Z - [WATCHER]: 1 file(s) created or restored, 0 file(s) modified, 1 file(s) deleted
[NX Daemon Server] - 2024-07-20T09:28:03.973Z - [REQUEST]: Updated workspace context based on watched changes, recomputing project graph...
[NX Daemon Server] - 2024-07-20T09:28:03.973Z - [REQUEST]: apps/kharchay/src/app/firebase.providers.ts
[NX Daemon Server] - 2024-07-20T09:28:03.973Z - [REQUEST]: apps/kharchay/src/app/4913
[NX Daemon Server] - 2024-07-20T09:28:03.976Z - Time taken for 'hash changed files from watcher' 0.388916015625ms
[NX Daemon Server] - 2024-07-20T09:28:03.999Z - Time taken for 'build-project-configs' 19.335708618164062ms
[NX Daemon Server] - 2024-07-20T09:28:04.066Z - Time taken for 'total execution time for createProjectGraph()' 56.42620849609375ms
[NX Daemon Server] - 2024-07-20T09:28:04.099Z - [WATCHER]: Processing file changes in outputs
[NX Daemon Server] - 2024-07-20T09:29:04.719Z - [WATCHER]: Processing file changes in outputs
[NX Daemon Server] - 2024-07-20T09:31:56.574Z - [WATCHER]: package.json was modified
[NX Daemon Server] - 2024-07-20T09:31:56.574Z - [WATCHER]: Processing file changes in outputs
[NX Daemon Server] - 2024-07-20T09:31:56.775Z - [REQUEST]: Updated workspace context based on watched changes, recomputing project graph...
[NX Daemon Server] - 2024-07-20T09:31:56.775Z - [REQUEST]: package.json
[NX Daemon Server] - 2024-07-20T09:31:56.775Z - [REQUEST]: 
[NX Daemon Server] - 2024-07-20T09:31:56.778Z - Time taken for 'hash changed files from watcher' 0.2917518615722656ms
[NX Daemon Server] - 2024-07-20T09:31:56.802Z - Time taken for 'build-project-configs' 17.997085571289062ms
[NX Daemon Server] - 2024-07-20T09:31:56.846Z - Time taken for 'total execution time for createProjectGraph()' 37.69233703613281ms
[NX Daemon Server] - 2024-07-20T09:32:58.270Z - [WATCHER]: Processing file changes in outputs
[NX Daemon Server] - 2024-07-20T09:32:58.351Z - [WATCHER]: Processing file changes in outputs
[NX Daemon Server] - 2024-07-20T09:44:48.758Z - [WATCHER]: package.json was modified
[NX Daemon Server] - 2024-07-20T09:44:48.759Z - [WATCHER]: Processing file changes in outputs
[NX Daemon Server] - 2024-07-20T09:44:49.160Z - [REQUEST]: Updated workspace context based on watched changes, recomputing project graph...
[NX Daemon Server] - 2024-07-20T09:44:49.161Z - [REQUEST]: package.json
[NX Daemon Server] - 2024-07-20T09:44:49.161Z - [REQUEST]: 
[NX Daemon Server] - 2024-07-20T09:44:49.163Z - Time taken for 'hash changed files from watcher' 0.300750732421875ms
[NX Daemon Server] - 2024-07-20T09:44:49.180Z - Time taken for 'build-project-configs' 14.962833404541016ms
[NX Daemon Server] - 2024-07-20T09:44:49.219Z - Time taken for 'total execution time for createProjectGraph()' 28.44937515258789ms
[NX Daemon Server] - 2024-07-20T09:45:49.698Z - [WATCHER]: Processing file changes in outputs
[NX Daemon Server] - 2024-07-20T09:45:49.750Z - [WATCHER]: Processing file changes in outputs
[NX Daemon Server] - 2024-07-20T09:48:03.455Z - [WATCHER]: Processing file changes in outputs
[NX Daemon Server] - 2024-07-20T09:48:03.456Z - [WATCHER]: Stopping the watcher for /Users/smk/Dev/practice/active/kharchay-next (sources)
[NX Daemon Server] - 2024-07-20T09:48:03.456Z - [WATCHER]: Stopping the watcher for /Users/smk/Dev/practice/active/kharchay-next (outputs)
[NX Daemon Server] - 2024-07-20T09:48:03.456Z - Server stopped because: "LOCK_FILES_CHANGED"
[NX Daemon Server] - 2024-07-20T10:04:44.568Z - Started listening on: /var/folders/xh/cnzszzm91gq2fwg68bszg8500000gn/T/9d765158a663905f98d3/d.sock
[NX Daemon Server] - 2024-07-20T10:04:44.570Z - [WATCHER]: Subscribed to changes within: /Users/smk/Dev/practice/active/kharchay-next (native)
[NX Daemon Server] - 2024-07-20T10:04:44.571Z - Established a connection. Number of open connections: 1
[NX Daemon Server] - 2024-07-20T10:04:44.571Z - Established a connection. Number of open connections: 2
[NX Daemon Server] - 2024-07-20T10:04:44.572Z - Closed a connection. Number of open connections: 1
[NX Daemon Server] - 2024-07-20T10:04:44.573Z - [REQUEST]: Client Request for Project Graph Received
[NX Daemon Server] - 2024-07-20T10:04:44.671Z - [REQUEST]: Updated workspace context based on watched changes, recomputing project graph...
[NX Daemon Server] - 2024-07-20T10:04:44.671Z - [REQUEST]: 
[NX Daemon Server] - 2024-07-20T10:04:44.671Z - [REQUEST]: 
[NX Daemon Server] - 2024-07-20T10:04:44.677Z - Time taken for 'loadNxPlugins' 97.39254379272461ms
[NX Daemon Server] - 2024-07-20T10:04:44.712Z - Time taken for 'build-project-configs' 27.80062484741211ms
[NX Daemon Server] - 2024-07-20T10:04:44.782Z - [REQUEST]: Responding to the client. project-graph
[NX Daemon Server] - 2024-07-20T10:04:44.784Z - Time taken for 'total for creating and serializing project graph' 209.8795394897461ms
[NX Daemon Server] - 2024-07-20T10:04:44.786Z - Done responding to the client project-graph
[NX Daemon Server] - 2024-07-20T10:04:44.786Z - Handled REQUEST_PROJECT_GRAPH. Handling time: 209. Response time: 4.
[NX Daemon Server] - 2024-07-20T10:04:44.809Z - [REQUEST]: Responding to the client. handleHashTasks
[NX Daemon Server] - 2024-07-20T10:04:44.809Z - Done responding to the client handleHashTasks
[NX Daemon Server] - 2024-07-20T10:04:44.809Z - Handled HASH_TASKS. Handling time: 15. Response time: 0.
[NX Daemon Server] - 2024-07-20T10:04:45.057Z - Established a connection. Number of open connections: 2
[NX Daemon Server] - 2024-07-20T10:04:45.057Z - Closed a connection. Number of open connections: 1
[NX Daemon Server] - 2024-07-20T10:04:45.057Z - Established a connection. Number of open connections: 2
[NX Daemon Server] - 2024-07-20T10:04:45.058Z - [REQUEST]: Client Request for Project Graph Received
[NX Daemon Server] - 2024-07-20T10:04:45.058Z - [REQUEST]: Responding to the client. project-graph
[NX Daemon Server] - 2024-07-20T10:04:45.060Z - Time taken for 'total for creating and serializing project graph' 0.11391448974609375ms
[NX Daemon Server] - 2024-07-20T10:04:45.061Z - Done responding to the client project-graph
[NX Daemon Server] - 2024-07-20T10:04:45.061Z - Handled REQUEST_PROJECT_GRAPH. Handling time: 0. Response time: 3.
[NX Daemon Server] - 2024-07-20T10:04:48.963Z - [WATCHER]: Processing file changes in outputs
[NX Daemon Server] - 2024-07-20T10:04:49.555Z - [WATCHER]: Processing file changes in outputs
[NX Daemon Server] - 2024-07-20T10:04:49.621Z - [WATCHER]: Processing file changes in outputs
[NX Daemon Server] - 2024-07-20T10:04:49.687Z - [WATCHER]: Processing file changes in outputs
[NX Daemon Server] - 2024-07-20T10:04:49.740Z - [WATCHER]: Processing file changes in outputs
[NX Daemon Server] - 2024-07-20T10:04:49.791Z - [WATCHER]: Processing file changes in outputs
[NX Daemon Server] - 2024-07-20T10:04:49.848Z - [WATCHER]: Processing file changes in outputs
[NX Daemon Server] - 2024-07-20T10:04:49.903Z - [WATCHER]: Processing file changes in outputs
[NX Daemon Server] - 2024-07-20T10:04:49.962Z - [WATCHER]: Processing file changes in outputs
[NX Daemon Server] - 2024-07-20T10:04:50.021Z - [WATCHER]: Processing file changes in outputs
[NX Daemon Server] - 2024-07-20T10:04:50.075Z - [WATCHER]: Processing file changes in outputs
[NX Daemon Server] - 2024-07-20T10:04:50.171Z - [WATCHER]: Processing file changes in outputs
[NX Daemon Server] - 2024-07-20T10:04:50.225Z - [WATCHER]: Processing file changes in outputs
[NX Daemon Server] - 2024-07-20T10:04:50.291Z - [WATCHER]: Processing file changes in outputs
[NX Daemon Server] - 2024-07-20T10:04:50.646Z - [WATCHER]: Processing file changes in outputs
[NX Daemon Server] - 2024-07-20T10:04:50.706Z - [WATCHER]: Processing file changes in outputs
[NX Daemon Server] - 2024-07-20T10:04:50.760Z - [WATCHER]: Processing file changes in outputs
[NX Daemon Server] - 2024-07-20T10:04:50.835Z - [WATCHER]: Processing file changes in outputs
[NX Daemon Server] - 2024-07-20T10:04:50.896Z - [WATCHER]: Processing file changes in outputs
[NX Daemon Server] - 2024-07-20T10:04:50.959Z - [WATCHER]: Processing file changes in outputs
[NX Daemon Server] - 2024-07-20T10:04:51.013Z - [WATCHER]: Processing file changes in outputs
[NX Daemon Server] - 2024-07-20T10:04:51.091Z - [WATCHER]: Processing file changes in outputs
[NX Daemon Server] - 2024-07-20T10:04:51.168Z - [WATCHER]: Processing file changes in outputs
[NX Daemon Server] - 2024-07-20T10:04:51.573Z - [WATCHER]: Processing file changes in outputs
[NX Daemon Server] - 2024-07-20T10:04:51.703Z - [WATCHER]: Processing file changes in outputs
[NX Daemon Server] - 2024-07-20T10:04:51.789Z - [WATCHER]: Processing file changes in outputs
[NX Daemon Server] - 2024-07-20T10:04:51.852Z - [WATCHER]: Processing file changes in outputs
[NX Daemon Server] - 2024-07-20T10:04:51.917Z - [WATCHER]: Processing file changes in outputs
[NX Daemon Server] - 2024-07-20T10:04:51.980Z - [WATCHER]: Processing file changes in outputs
[NX Daemon Server] - 2024-07-20T10:04:52.119Z - [WATCHER]: Processing file changes in outputs
[NX Daemon Server] - 2024-07-20T10:04:52.185Z - [WATCHER]: Processing file changes in outputs
[NX Daemon Server] - 2024-07-20T10:04:52.251Z - [WATCHER]: Processing file changes in outputs
[NX Daemon Server] - 2024-07-20T10:04:52.308Z - [WATCHER]: Processing file changes in outputs
[NX Daemon Server] - 2024-07-20T10:04:52.381Z - [WATCHER]: Processing file changes in outputs
[NX Daemon Server] - 2024-07-20T10:04:52.445Z - [WATCHER]: Processing file changes in outputs
[NX Daemon Server] - 2024-07-20T10:04:52.503Z - [WATCHER]: Processing file changes in outputs
[NX Daemon Server] - 2024-07-20T10:04:52.560Z - [WATCHER]: Processing file changes in outputs
[NX Daemon Server] - 2024-07-20T10:04:52.621Z - [WATCHER]: Processing file changes in outputs
[NX Daemon Server] - 2024-07-20T10:04:52.707Z - [WATCHER]: Processing file changes in outputs
[NX Daemon Server] - 2024-07-20T10:04:52.759Z - [WATCHER]: Processing file changes in outputs
[NX Daemon Server] - 2024-07-20T10:04:52.813Z - [WATCHER]: Processing file changes in outputs
[NX Daemon Server] - 2024-07-20T10:04:57.563Z - [WATCHER]: Processing file changes in outputs
[NX Daemon Server] - 2024-07-20T10:04:57.679Z - [WATCHER]: Processing file changes in outputs
[NX Daemon Server] - 2024-07-20T10:44:17.053Z - Started listening on: /var/folders/xh/cnzszzm91gq2fwg68bszg8500000gn/T/9d765158a663905f98d3/d.sock
[NX Daemon Server] - 2024-07-20T10:44:17.054Z - [WATCHER]: Subscribed to changes within: /Users/smk/Dev/practice/active/kharchay-next (native)
[NX Daemon Server] - 2024-07-20T10:44:17.062Z - Established a connection. Number of open connections: 1
[NX Daemon Server] - 2024-07-20T10:44:17.062Z - Established a connection. Number of open connections: 2
[NX Daemon Server] - 2024-07-20T10:44:17.063Z - Closed a connection. Number of open connections: 1
[NX Daemon Server] - 2024-07-20T10:44:17.064Z - [REQUEST]: Client Request for Project Graph Received
[NX Daemon Server] - 2024-07-20T10:44:17.162Z - [REQUEST]: Updated workspace context based on watched changes, recomputing project graph...
[NX Daemon Server] - 2024-07-20T10:44:17.162Z - [REQUEST]: 
[NX Daemon Server] - 2024-07-20T10:44:17.162Z - [REQUEST]: 
[NX Daemon Server] - 2024-07-20T10:44:17.167Z - Time taken for 'loadNxPlugins' 97.25670623779297ms
[NX Daemon Server] - 2024-07-20T10:44:17.195Z - Time taken for 'build-project-configs' 18.30500030517578ms
[NX Daemon Server] - 2024-07-20T10:44:17.228Z - [REQUEST]: Responding to the client. project-graph
[NX Daemon Server] - 2024-07-20T10:44:17.230Z - Time taken for 'total for creating and serializing project graph' 163.8046646118164ms
[NX Daemon Server] - 2024-07-20T10:44:17.231Z - Done responding to the client project-graph
[NX Daemon Server] - 2024-07-20T10:44:17.231Z - Handled REQUEST_PROJECT_GRAPH. Handling time: 164. Response time: 3.
[NX Daemon Server] - 2024-07-20T10:44:17.253Z - [REQUEST]: Responding to the client. handleHashTasks
[NX Daemon Server] - 2024-07-20T10:44:17.253Z - Done responding to the client handleHashTasks
[NX Daemon Server] - 2024-07-20T10:44:17.253Z - Handled HASH_TASKS. Handling time: 15. Response time: 0.
[NX Daemon Server] - 2024-07-20T10:44:17.514Z - Established a connection. Number of open connections: 2
[NX Daemon Server] - 2024-07-20T10:44:17.515Z - Closed a connection. Number of open connections: 1
[NX Daemon Server] - 2024-07-20T10:44:17.515Z - Established a connection. Number of open connections: 2
[NX Daemon Server] - 2024-07-20T10:44:17.516Z - [REQUEST]: Client Request for Project Graph Received
[NX Daemon Server] - 2024-07-20T10:44:17.516Z - [REQUEST]: Responding to the client. project-graph
[NX Daemon Server] - 2024-07-20T10:44:17.518Z - Time taken for 'total for creating and serializing project graph' 0.12704086303710938ms
[NX Daemon Server] - 2024-07-20T10:44:17.519Z - Done responding to the client project-graph
[NX Daemon Server] - 2024-07-20T10:44:17.519Z - Handled REQUEST_PROJECT_GRAPH. Handling time: 0. Response time: 3.
[NX Daemon Server] - 2024-07-20T10:44:21.179Z - [WATCHER]: Processing file changes in outputs
[NX Daemon Server] - 2024-07-20T10:44:21.234Z - [WATCHER]: Processing file changes in outputs
[NX Daemon Server] - 2024-07-20T10:44:21.300Z - [WATCHER]: Processing file changes in outputs
[NX Daemon Server] - 2024-07-20T10:44:21.367Z - [WATCHER]: Processing file changes in outputs
[NX Daemon Server] - 2024-07-20T10:44:21.553Z - [WATCHER]: Processing file changes in outputs
[NX Daemon Server] - 2024-07-20T10:44:21.752Z - [WATCHER]: Processing file changes in outputs
[NX Daemon Server] - 2024-07-20T10:44:21.809Z - [WATCHER]: Processing file changes in outputs
[NX Daemon Server] - 2024-07-20T10:44:21.880Z - [WATCHER]: Processing file changes in outputs
[NX Daemon Server] - 2024-07-20T10:44:21.962Z - [WATCHER]: Processing file changes in outputs
[NX Daemon Server] - 2024-07-20T10:44:22.054Z - [WATCHER]: Processing file changes in outputs
[NX Daemon Server] - 2024-07-20T10:44:22.198Z - [WATCHER]: Processing file changes in outputs
[NX Daemon Server] - 2024-07-20T10:44:22.256Z - [WATCHER]: Processing file changes in outputs
[NX Daemon Server] - 2024-07-20T10:44:22.327Z - [WATCHER]: Processing file changes in outputs
[NX Daemon Server] - 2024-07-20T10:44:22.391Z - [WATCHER]: Processing file changes in outputs
[NX Daemon Server] - 2024-07-20T10:44:22.461Z - [WATCHER]: Processing file changes in outputs
[NX Daemon Server] - 2024-07-20T10:44:22.531Z - [WATCHER]: Processing file changes in outputs
[NX Daemon Server] - 2024-07-20T10:44:22.583Z - [WATCHER]: Processing file changes in outputs
[NX Daemon Server] - 2024-07-20T10:44:22.657Z - [WATCHER]: Processing file changes in outputs
[NX Daemon Server] - 2024-07-20T10:44:22.744Z - [WATCHER]: Processing file changes in outputs
[NX Daemon Server] - 2024-07-20T10:44:22.808Z - [WATCHER]: Processing file changes in outputs
[NX Daemon Server] - 2024-07-20T10:44:22.969Z - [WATCHER]: Processing file changes in outputs
[NX Daemon Server] - 2024-07-20T10:44:23.042Z - [WATCHER]: Processing file changes in outputs
[NX Daemon Server] - 2024-07-20T10:44:23.094Z - [WATCHER]: Processing file changes in outputs
[NX Daemon Server] - 2024-07-20T10:44:23.167Z - [WATCHER]: Processing file changes in outputs
[NX Daemon Server] - 2024-07-20T10:44:23.303Z - [WATCHER]: Processing file changes in outputs
[NX Daemon Server] - 2024-07-20T10:44:23.357Z - [WATCHER]: Processing file changes in outputs
[NX Daemon Server] - 2024-07-20T10:44:23.473Z - [WATCHER]: Processing file changes in outputs
[NX Daemon Server] - 2024-07-20T10:44:23.534Z - [WATCHER]: Processing file changes in outputs
[NX Daemon Server] - 2024-07-20T10:44:23.594Z - [WATCHER]: Processing file changes in outputs
[NX Daemon Server] - 2024-07-20T10:44:23.662Z - [WATCHER]: Processing file changes in outputs
[NX Daemon Server] - 2024-07-20T10:44:23.714Z - [WATCHER]: Processing file changes in outputs
[NX Daemon Server] - 2024-07-20T10:44:23.766Z - [WATCHER]: Processing file changes in outputs
[NX Daemon Server] - 2024-07-20T10:44:23.823Z - [WATCHER]: Processing file changes in outputs
[NX Daemon Server] - 2024-07-20T10:44:23.905Z - [WATCHER]: Processing file changes in outputs
[NX Daemon Server] - 2024-07-20T10:44:24.000Z - [WATCHER]: Processing file changes in outputs
[NX Daemon Server] - 2024-07-20T10:44:24.127Z - [WATCHER]: Processing file changes in outputs
[NX Daemon Server] - 2024-07-20T10:44:24.179Z - [WATCHER]: Processing file changes in outputs
[NX Daemon Server] - 2024-07-20T10:44:24.233Z - [WATCHER]: Processing file changes in outputs
[NX Daemon Server] - 2024-07-20T10:44:24.344Z - [WATCHER]: Processing file changes in outputs
[NX Daemon Server] - 2024-07-20T10:44:24.408Z - [WATCHER]: Processing file changes in outputs
[NX Daemon Server] - 2024-07-20T10:44:24.471Z - [WATCHER]: Processing file changes in outputs
[NX Daemon Server] - 2024-07-20T10:44:24.529Z - [WATCHER]: Processing file changes in outputs
[NX Daemon Server] - 2024-07-20T10:44:24.581Z - [WATCHER]: Processing file changes in outputs
[NX Daemon Server] - 2024-07-20T10:44:24.633Z - [WATCHER]: Processing file changes in outputs
[NX Daemon Server] - 2024-07-20T10:44:24.689Z - [WATCHER]: Processing file changes in outputs
[NX Daemon Server] - 2024-07-20T10:44:24.743Z - [WATCHER]: Processing file changes in outputs
[NX Daemon Server] - 2024-07-20T10:44:24.796Z - [WATCHER]: Processing file changes in outputs
[NX Daemon Server] - 2024-07-20T10:44:24.848Z - [WATCHER]: Processing file changes in outputs
[NX Daemon Server] - 2024-07-20T10:44:24.959Z - [WATCHER]: Processing file changes in outputs
[NX Daemon Server] - 2024-07-20T10:44:25.015Z - [WATCHER]: Processing file changes in outputs
[NX Daemon Server] - 2024-07-20T10:44:25.074Z - [WATCHER]: Processing file changes in outputs
[NX Daemon Server] - 2024-07-20T10:44:25.128Z - [WATCHER]: Processing file changes in outputs
[NX Daemon Server] - 2024-07-20T10:44:25.179Z - [WATCHER]: Processing file changes in outputs
[NX Daemon Server] - 2024-07-20T10:44:25.233Z - [WATCHER]: Processing file changes in outputs
[NX Daemon Server] - 2024-07-20T10:44:25.285Z - [WATCHER]: Processing file changes in outputs
[NX Daemon Server] - 2024-07-20T10:44:25.348Z - [WATCHER]: Processing file changes in outputs
[NX Daemon Server] - 2024-07-20T10:44:25.414Z - [WATCHER]: Processing file changes in outputs
[NX Daemon Server] - 2024-07-20T10:44:25.466Z - [WATCHER]: Processing file changes in outputs
[NX Daemon Server] - 2024-07-20T10:44:25.531Z - [WATCHER]: Processing file changes in outputs
[NX Daemon Server] - 2024-07-20T10:44:29.954Z - [WATCHER]: Processing file changes in outputs
[NX Daemon Server] - 2024-07-20T10:44:30.037Z - [WATCHER]: Processing file changes in outputs
[NX Daemon Server] - 2024-07-20T10:44:53.377Z - [WATCHER]: Processing file changes in outputs
[NX Daemon Server] - 2024-07-20T10:44:53.378Z - [WATCHER]: 1 file(s) created or restored, 0 file(s) modified, 1 file(s) deleted
[NX Daemon Server] - 2024-07-20T10:44:53.480Z - [REQUEST]: Updated workspace context based on watched changes, recomputing project graph...
[NX Daemon Server] - 2024-07-20T10:44:53.480Z - [REQUEST]: apps/admin/src/app/app.config.ts
[NX Daemon Server] - 2024-07-20T10:44:53.480Z - [REQUEST]: apps/admin/src/app/4913
[NX Daemon Server] - 2024-07-20T10:44:53.483Z - Time taken for 'hash changed files from watcher' 0.3145408630371094ms
[NX Daemon Server] - 2024-07-20T10:44:53.500Z - Time taken for 'build-project-configs' 14.234169006347656ms
[NX Daemon Server] - 2024-07-20T10:44:53.583Z - Time taken for 'total execution time for createProjectGraph()' 76.66374969482422ms
[NX Daemon Server] - 2024-07-20T10:44:53.880Z - [WATCHER]: Processing file changes in outputs
[NX Daemon Server] - 2024-07-20T10:45:54.934Z - [WATCHER]: Processing file changes in outputs
[NX Daemon Server] - 2024-07-20T10:45:55.481Z - [WATCHER]: Processing file changes in outputs
[NX Daemon Server] - 2024-07-20T10:45:55.535Z - [WATCHER]: Processing file changes in outputs
[NX Daemon Server] - 2024-07-20T11:49:03.828Z - Established a connection. Number of open connections: 3
[NX Daemon Server] - 2024-07-20T11:49:03.830Z - Closed a connection. Number of open connections: 2
[NX Daemon Server] - 2024-07-20T11:49:03.830Z - Established a connection. Number of open connections: 3
[NX Daemon Server] - 2024-07-20T11:49:03.832Z - [REQUEST]: Client Request for Project Graph Received
[NX Daemon Server] - 2024-07-20T11:49:03.832Z - [REQUEST]: Responding to the client. project-graph
[NX Daemon Server] - 2024-07-20T11:49:03.836Z - Time taken for 'total for creating and serializing project graph' 0.3368339538574219ms
[NX Daemon Server] - 2024-07-20T11:49:03.838Z - Done responding to the client project-graph
[NX Daemon Server] - 2024-07-20T11:49:03.839Z - Handled REQUEST_PROJECT_GRAPH. Handling time: 1. Response time: 7.
[NX Daemon Server] - 2024-07-20T11:49:03.873Z - [REQUEST]: Responding to the client. handleHashTasks
[NX Daemon Server] - 2024-07-20T11:49:03.873Z - Done responding to the client handleHashTasks
[NX Daemon Server] - 2024-07-20T11:49:03.873Z - Handled HASH_TASKS. Handling time: 23. Response time: 0.
[NX Daemon Server] - 2024-07-20T11:49:04.228Z - Established a connection. Number of open connections: 4
[NX Daemon Server] - 2024-07-20T11:49:04.229Z - Closed a connection. Number of open connections: 3
[NX Daemon Server] - 2024-07-20T11:49:04.229Z - Established a connection. Number of open connections: 4
[NX Daemon Server] - 2024-07-20T11:49:04.230Z - [REQUEST]: Client Request for Project Graph Received
[NX Daemon Server] - 2024-07-20T11:49:04.231Z - [REQUEST]: Responding to the client. project-graph
[NX Daemon Server] - 2024-07-20T11:49:04.233Z - Time taken for 'total for creating and serializing project graph' 0.3299560546875ms
[NX Daemon Server] - 2024-07-20T11:49:04.236Z - Done responding to the client project-graph
[NX Daemon Server] - 2024-07-20T11:49:04.236Z - Handled REQUEST_PROJECT_GRAPH. Handling time: 1. Response time: 5.
[NX Daemon Server] - 2024-07-20T11:49:11.458Z - [WATCHER]: Processing file changes in outputs
[NX Daemon Server] - 2024-07-20T11:49:11.607Z - [WATCHER]: Processing file changes in outputs
[NX Daemon Server] - 2024-07-20T12:32:52.665Z - [WATCHER]: 1 file(s) created or restored, 0 file(s) modified, 1 file(s) deleted
[NX Daemon Server] - 2024-07-20T12:32:52.666Z - [WATCHER]: Processing file changes in outputs
[NX Daemon Server] - 2024-07-20T12:32:52.666Z - [WATCHER]: Stopping the watcher for /Users/smk/Dev/practice/active/kharchay-next (sources)
[NX Daemon Server] - 2024-07-20T12:32:52.666Z - [WATCHER]: Stopping the watcher for /Users/smk/Dev/practice/active/kharchay-next (outputs)
[NX Daemon Server] - 2024-07-20T12:32:52.666Z - Server stopped because: "Stopping the daemon the set of ignored files changed (native)"
